<?xml version="1.0" ?>
<!DOCTYPE coverage SYSTEM "http://cobertura.sourceforge.net/xml/coverage-04.dtd">
<coverage lines-valid="118" lines-covered="107" line-rate="0.9067000000000001" branches-valid="67" branches-covered="62" branch-rate="0.9253" timestamp="1738224930096" complexity="0" version="0.1">
  <sources>
    <source>/home/equidev/Organisations/EQUINOCT/COS-IT-FLOWS/cositflows_app/frontend_react/cos-frontend</source>
  </sources>
  <packages>
    <package name="components" line-rate="1" branch-rate="1">
      <classes>
        <class name="theme.ts" filename="src/components/theme.ts" line-rate="1" branch-rate="1">
          <methods>
          </methods>
          <lines>
            <line number="1" hits="2" branch="false"/>
            <line number="3" hits="2" branch="false"/>
            <line number="87" hits="2" branch="false"/>
          </lines>
        </class>
      </classes>
    </package>
    <package name="components.AnalyticsWidgets" line-rate="1" branch-rate="1">
      <classes>
        <class name="GroundWaterWidgets.tsx" filename="src/components/AnalyticsWidgets/GroundWaterWidgets.tsx" line-rate="1" branch-rate="1">
          <methods>
            <method name="(anonymous_7)" hits="1" signature="()V">
              <lines>
                <line number="7" hits="1"/>
              </lines>
            </method>
          </methods>
          <lines>
            <line number="1" hits="1" branch="false"/>
            <line number="2" hits="1" branch="false"/>
            <line number="3" hits="1" branch="false"/>
            <line number="4" hits="1" branch="false"/>
            <line number="7" hits="1" branch="false"/>
            <line number="8" hits="1" branch="false"/>
            <line number="88" hits="1" branch="false"/>
          </lines>
        </class>
      </classes>
    </package>
    <package name="components.LayerWidget" line-rate="0.7142000000000001" branch-rate="1">
      <classes>
        <class name="LayerItem.tsx" filename="src/components/LayerWidget/LayerItem.tsx" line-rate="1" branch-rate="1">
          <methods>
            <method name="(anonymous_1)" hits="5" signature="()V">
              <lines>
                <line number="13" hits="5"/>
              </lines>
            </method>
          </methods>
          <lines>
            <line number="1" hits="1" branch="false"/>
            <line number="2" hits="1" branch="false"/>
            <line number="3" hits="1" branch="false"/>
            <line number="13" hits="5" branch="false"/>
            <line number="26" hits="1" branch="false"/>
          </lines>
        </class>
        <class name="LayersComponent.tsx" filename="src/components/LayerWidget/LayersComponent.tsx" line-rate="0.6520999999999999" branch-rate="1">
          <methods>
            <method name="(anonymous_7)" hits="8" signature="()V">
              <lines>
                <line number="25" hits="8"/>
              </lines>
            </method>
            <method name="(anonymous_8)" hits="0" signature="()V">
              <lines>
                <line number="43" hits="0"/>
              </lines>
            </method>
            <method name="(anonymous_9)" hits="1" signature="()V">
              <lines>
                <line number="50" hits="1"/>
              </lines>
            </method>
            <method name="(anonymous_10)" hits="0" signature="()V">
              <lines>
                <line number="64" hits="0"/>
              </lines>
            </method>
            <method name="(anonymous_11)" hits="1" signature="()V">
              <lines>
                <line number="69" hits="1"/>
              </lines>
            </method>
            <method name="(anonymous_12)" hits="0" signature="()V">
              <lines>
                <line number="86" hits="0"/>
              </lines>
            </method>
            <method name="(anonymous_13)" hits="0" signature="()V">
              <lines>
                <line number="103" hits="0"/>
              </lines>
            </method>
            <method name="(anonymous_14)" hits="0" signature="()V">
              <lines>
                <line number="120" hits="0"/>
              </lines>
            </method>
            <method name="(anonymous_15)" hits="0" signature="()V">
              <lines>
                <line number="137" hits="0"/>
              </lines>
            </method>
            <method name="(anonymous_16)" hits="0" signature="()V">
              <lines>
                <line number="154" hits="0"/>
              </lines>
            </method>
            <method name="(anonymous_17)" hits="0" signature="()V">
              <lines>
                <line number="171" hits="0"/>
              </lines>
            </method>
          </methods>
          <lines>
            <line number="1" hits="1" branch="false"/>
            <line number="2" hits="1" branch="false"/>
            <line number="3" hits="1" branch="false"/>
            <line number="4" hits="1" branch="false"/>
            <line number="5" hits="1" branch="false"/>
            <line number="6" hits="1" branch="false"/>
            <line number="7" hits="1" branch="false"/>
            <line number="8" hits="1" branch="false"/>
            <line number="25" hits="8" branch="false"/>
            <line number="26" hits="7" branch="false"/>
            <line number="27" hits="7" branch="false"/>
            <line number="29" hits="7" branch="false"/>
            <line number="43" hits="0" branch="false"/>
            <line number="50" hits="1" branch="false"/>
            <line number="64" hits="0" branch="false"/>
            <line number="69" hits="1" branch="false"/>
            <line number="86" hits="0" branch="false"/>
            <line number="103" hits="0" branch="false"/>
            <line number="120" hits="0" branch="false"/>
            <line number="137" hits="0" branch="false"/>
            <line number="154" hits="0" branch="false"/>
            <line number="171" hits="0" branch="false"/>
            <line number="205" hits="1" branch="false"/>
          </lines>
        </class>
      </classes>
    </package>
    <package name="components.LegendWidget" line-rate="0.9615" branch-rate="0.8095">
      <classes>
        <class name="GaugeSection.tsx" filename="src/components/LegendWidget/GaugeSection.tsx" line-rate="1" branch-rate="1">
          <methods>
            <method name="(anonymous_1)" hits="16" signature="()V">
              <lines>
                <line number="11" hits="16"/>
              </lines>
            </method>
            <method name="(anonymous_2)" hits="72" signature="()V">
              <lines>
                <line number="27" hits="72"/>
              </lines>
            </method>
            <method name="(anonymous_3)" hits="84" signature="()V">
              <lines>
                <line number="49" hits="84"/>
              </lines>
            </method>
          </methods>
          <lines>
            <line number="1" hits="2" branch="false"/>
            <line number="11" hits="2" branch="false"/>
            <line number="12" hits="16" branch="false"/>
            <line number="13" hits="16" branch="false"/>
            <line number="14" hits="16" branch="false"/>
            <line number="15" hits="16" branch="false"/>
            <line number="16" hits="16" branch="false"/>
            <line number="18" hits="16" branch="false"/>
            <line number="19" hits="16" branch="false"/>
            <line number="21" hits="16" branch="false"/>
            <line number="27" hits="72" branch="false"/>
            <line number="49" hits="84" branch="false"/>
            <line number="71" hits="2" branch="false"/>
          </lines>
        </class>
        <class name="Legend.tsx" filename="src/components/LegendWidget/Legend.tsx" line-rate="0.9229999999999999" branch-rate="0.8095">
          <methods>
            <method name="(anonymous_7)" hits="9" signature="()V">
              <lines>
                <line number="22" hits="9"/>
              </lines>
            </method>
            <method name="(anonymous_8)" hits="0" signature="()V">
              <lines>
                <line number="38" hits="0"/>
              </lines>
            </method>
            <method name="(anonymous_9)" hits="1" signature="()V">
              <lines>
                <line number="45" hits="1"/>
              </lines>
            </method>
          </methods>
          <lines>
            <line number="1" hits="1" branch="false"/>
            <line number="2" hits="1" branch="false"/>
            <line number="3" hits="1" branch="false"/>
            <line number="4" hits="1" branch="false"/>
            <line number="5" hits="1" branch="false"/>
            <line number="6" hits="1" branch="false"/>
            <line number="22" hits="9" branch="false"/>
            <line number="23" hits="8" branch="false"/>
            <line number="25" hits="8" branch="true" condition-coverage="100% (1/1)"/>
            <line number="27" hits="7" branch="false"/>
            <line number="38" hits="0" branch="false"/>
            <line number="45" hits="1" branch="false"/>
            <line number="131" hits="1" branch="false"/>
          </lines>
        </class>
      </classes>
    </package>
    <package name="components.LevelNav" line-rate="1" branch-rate="1">
      <classes>
        <class name="MonitorButton.tsx" filename="src/components/LevelNav/MonitorButton.tsx" line-rate="1" branch-rate="1">
          <methods>
            <method name="(anonymous_7)" hits="2" signature="()V">
              <lines>
                <line number="18" hits="2"/>
              </lines>
            </method>
          </methods>
          <lines>
            <line number="1" hits="1" branch="false"/>
            <line number="2" hits="1" branch="false"/>
            <line number="3" hits="1" branch="false"/>
            <line number="4" hits="1" branch="false"/>
            <line number="6" hits="1" branch="false"/>
            <line number="18" hits="1" branch="false"/>
            <line number="19" hits="2" branch="false"/>
            <line number="55" hits="1" branch="false"/>
          </lines>
        </class>
      </classes>
    </package>
    <package name="components.Menu" line-rate="1" branch-rate="1">
      <classes>
        <class name="MenuList.tsx" filename="src/components/Menu/MenuList.tsx" line-rate="1" branch-rate="1">
          <methods>
            <method name="(anonymous_1)" hits="6" signature="()V">
              <lines>
                <line number="21" hits="6"/>
              </lines>
            </method>
            <method name="(anonymous_2)" hits="24" signature="()V">
              <lines>
                <line number="26" hits="24"/>
              </lines>
            </method>
            <method name="(anonymous_3)" hits="2" signature="()V">
              <lines>
                <line number="34" hits="2"/>
              </lines>
            </method>
          </methods>
          <lines>
            <line number="1" hits="1" branch="false"/>
            <line number="2" hits="1" branch="false"/>
            <line number="3" hits="1" branch="false"/>
            <line number="4" hits="1" branch="false"/>
            <line number="5" hits="1" branch="false"/>
            <line number="6" hits="1" branch="false"/>
            <line number="8" hits="1" branch="false"/>
            <line number="21" hits="6" branch="false"/>
            <line number="22" hits="6" branch="false"/>
            <line number="26" hits="24" branch="false"/>
            <line number="35" hits="2" branch="false"/>
            <line number="56" hits="1" branch="false"/>
          </lines>
        </class>
      </classes>
    </package>
    <package name="components.Screens" line-rate="0.9411" branch-rate="0.9375">
      <classes>
        <class name="MonitorAnalyticsScreen.tsx" filename="src/components/Screens/MonitorAnalyticsScreen.tsx" line-rate="0.9333" branch-rate="0.9375">
          <methods>
            <method name="(anonymous_7)" hits="10" signature="()V">
              <lines>
                <line number="15" hits="10"/>
              </lines>
            </method>
            <method name="(anonymous_8)" hits="4" signature="()V">
              <lines>
                <line number="17" hits="4"/>
              </lines>
            </method>
            <method name="(anonymous_9)" hits="10" signature="()V">
              <lines>
                <line number="21" hits="10"/>
              </lines>
            </method>
            <method name="(anonymous_10)" hits="0" signature="()V">
              <lines>
                <line number="62" hits="0"/>
              </lines>
            </method>
            <method name="(anonymous_11)" hits="1" signature="()V">
              <lines>
                <line number="71" hits="1"/>
              </lines>
            </method>
            <method name="(anonymous_12)" hits="1" signature="()V">
              <lines>
                <line number="80" hits="1"/>
              </lines>
            </method>
            <method name="(anonymous_13)" hits="1" signature="()V">
              <lines>
                <line number="89" hits="1"/>
              </lines>
            </method>
            <method name="(anonymous_14)" hits="1" signature="()V">
              <lines>
                <line number="98" hits="1"/>
              </lines>
            </method>
          </methods>
          <lines>
            <line number="1" hits="1" branch="false"/>
            <line number="2" hits="1" branch="false"/>
            <line number="3" hits="1" branch="false"/>
            <line number="4" hits="1" branch="false"/>
            <line number="5" hits="1" branch="false"/>
            <line number="6" hits="1" branch="false"/>
            <line number="7" hits="1" branch="false"/>
            <line number="8" hits="1" branch="false"/>
            <line number="9" hits="1" branch="false"/>
            <line number="10" hits="1" branch="false"/>
            <line number="11" hits="1" branch="false"/>
            <line number="15" hits="1" branch="false"/>
            <line number="16" hits="10" branch="false"/>
            <line number="17" hits="10" branch="false"/>
            <line number="18" hits="4" branch="false"/>
            <line number="21" hits="10" branch="false"/>
            <line number="22" hits="10" branch="true" condition-coverage="83.33333333333334% (5/6)"/>
            <line number="24" hits="6" branch="false"/>
            <line number="26" hits="1" branch="false"/>
            <line number="28" hits="1" branch="false"/>
            <line number="30" hits="1" branch="false"/>
            <line number="32" hits="1" branch="false"/>
            <line number="34" hits="0" branch="false"/>
            <line number="38" hits="10" branch="false"/>
            <line number="62" hits="0" branch="false"/>
            <line number="71" hits="1" branch="false"/>
            <line number="80" hits="1" branch="false"/>
            <line number="89" hits="1" branch="false"/>
            <line number="98" hits="1" branch="false"/>
            <line number="116" hits="1" branch="false"/>
          </lines>
        </class>
        <class name="SettingScreen.tsx" filename="src/components/Screens/SettingScreen.tsx" line-rate="1" branch-rate="1">
          <methods>
            <method name="(anonymous_1)" hits="4" signature="()V">
              <lines>
                <line number="3" hits="4"/>
              </lines>
            </method>
          </methods>
          <lines>
            <line number="1" hits="1" branch="false"/>
            <line number="3" hits="1" branch="false"/>
            <line number="4" hits="4" branch="false"/>
            <line number="47" hits="1" branch="false"/>
          </lines>
        </class>
      </classes>
    </package>
  </packages>
</coverage>
